#
# A fatal error has been detected by the Java Runtime Environment:
#
#  EXCEPTION_ACCESS_VIOLATION (0xc0000005) at pc=0x000001be142e112d, pid=30608, tid=19120
#
# JRE version: OpenJDK Runtime Environment Corretto-11.0.23.9.1 (11.0.23+9) (build 11.0.23+9-LTS)
# Java VM: OpenJDK 64-Bit Server VM Corretto-11.0.23.9.1 (11.0.23+9-LTS, mixed mode, tiered, compressed oops, g1 gc, windows-amd64)
# Problematic frame:
# v  ~StubRoutines::get_previous_fp
#
# No core dump will be written. Minidumps are not enabled by default on client versions of Windows
#
# If you would like to submit a bug report, please visit:
#   https://github.com/corretto/corretto-11/issues/
#

---------------  S U M M A R Y ------------

Command Line: -javaagent:C:\\Users\\Артем\\.m2\\repository\\org\\jacoco\\org.jacoco.agent\\0.8.5\\org.jacoco.agent-0.8.5-runtime.jar=destfile=C:\\Users\\Артем\\IdeaProjects\\Homework12\\target\\jacoco.exec C:\Users\328F~1\AppData\Local\Temp\surefire5586855060621696550\surefirebooter4461125264303352639.jar C:\Users\Артем\AppData\Local\Temp\surefire5586855060621696550 2024-07-04T16-22-53_266-jvmRun1 surefire3240848390894250740tmp surefire_010840519618857691905tmp

Host: 12th Gen Intel(R) Core(TM) i5-12450H, 12 cores, 15G,  Windows 10 , 64 bit Build 19041 (10.0.19041.3636)
Time: Thu Jul  4 16:22:54 2024 RTZ 2 (s 10 , 64 bit Build 19041 (10.0.19041.3636) elapsed time: 0.332892 seconds (0d 0h 0m 0s)

---------------  T H R E A D  ---------------

Current thread (0x000001be0bb56800):  JavaThread "main" [_thread_in_vm, id=19120, stack(0x000000849fe00000,0x000000849ff00000)]

Stack: [0x000000849fe00000,0x000000849ff00000],  sp=0x000000849feff240,  free space=1020k
Native frames: (J=compiled Java code, j=interpreted, Vv=VM code, C=native code)
C  0x000001be142e112d


siginfo: EXCEPTION_ACCESS_VIOLATION (0xc0000005), reading address 0x00000000000003d8


Register to memory mapping:

RIP=0x000001be142e112d is at begin+8 in a stub
StubRoutines::get_previous_fp [0x000001be142e1125, 0x000001be142e1132[ (13 bytes)
RAX=0x00000000000003d8 is an unknown value
RBX=0x000000849feff2e0 is pointing into the stack for thread: 0x000001be0bb56800
RCX=0x000000849feff2e0 is pointing into the stack for thread: 0x000001be0bb56800
RDX=0x0 is NULL
RSP=0x000000849feff240 is pointing into the stack for thread: 0x000001be0bb56800
RBP=0x000000849feff240 is pointing into the stack for thread: 0x000001be0bb56800
RSI=0x0 is NULL
RDI=0x000001be0bb56800 is a thread
R8 =0x000000849feff1b8 is pointing into the stack for thread: 0x000001be0bb56800
R9 =0x0000000000000001 is an unknown value
R10=0x0 is NULL
R11=0x000000849feff270 is pointing into the stack for thread: 0x000001be0bb56800
R12=0x000001be0bb572d8 points into unknown readable memory: 0x08055f459efa0c84 | 84 0c fa 9e 45 5f 05 08
R13=0x000001be0bbfacc0 points into unknown readable memory: 0x000001be0989fc30 | 30 fc 89 09 be 01 00 00
R14=0x000001be3052a120 points into unknown readable memory: 0x00000000ffffffff | ff ff ff ff 00 00 00 00
R15=0x000001be0bb56f00 points into unknown readable memory: 0x0072006f006d0020 | 20 00 6d 00 6f 00 72 00


Registers:
RAX=0x00000000000003d8, RBX=0x000000849feff2e0, RCX=0x000000849feff2e0, RDX=0x0000000000000000
RSP=0x000000849feff240, RBP=0x000000849feff240, RSI=0x0000000000000000, RDI=0x000001be0bb56800
R8 =0x000000849feff1b8, R9 =0x0000000000000001, R10=0x0000000000000000, R11=0x000000849feff270
R12=0x000001be0bb572d8, R13=0x000001be0bbfacc0, R14=0x000001be3052a120, R15=0x000001be0bb56f00
RIP=0x000001be142e112d, EFLAGS=0x0000000000010202

Top of Stack: (sp=0x000000849feff240)
0x000000849feff240:   00000000000003d8 00007ffe7f995726
0x000000849feff250:   00000000000000af 000000849feff340
0x000000849feff260:   00007fff066d82d0 00007fff1071b3e4
0x000000849feff270:   000001be0bb56ef0 00007ffe7f41236c
0x000000849feff280:   000001be0bb56800 000001be0bb49500
0x000000849feff290:   00000000000007d0 0000000000007fd8
0x000000849feff2a0:   000001be0bb56800 00007ffe7fae96f1
0x000000849feff2b0:   000001be0bb49500 000001be0bb56ef0
0x000000849feff2c0:   000001be0bb56ef0 000001be303f9c58
0x000000849feff2d0:   000001be0bb41a78 00007fff066d148c
0x000000849feff2e0:   0000000000000000 0000000000000024
0x000000849feff2f0:   00007fff066d82d0 000000849feff340
0x000000849feff300:   00007fff107ef540 0000000000000000
0x000000849feff310:   000022c489db4518 00007fff066d7ae0
0x000000849feff320:   000001be0bb56800 00007ffe7f997e70
0x000000849feff330:   000001be0bb56b50 00007fff066d82d0 

Instructions: (pc=0x000001be142e112d)
0x000001be142e102d:   84 83 00 00 00 83 fa 07 0f 84 80 00 00 00 89 01
0x000001be142e103d:   48 8d a5 28 fe ff ff c5 fa 6f 75 b8 c5 fa 6f 7d
0x000001be142e104d:   a8 c5 7a 6f 45 98 c5 7a 6f 4d 88 c5 7a 6f 95 78
0x000001be142e105d:   ff ff ff c5 7a 6f 9d 68 ff ff ff c5 7a 6f a5 58
0x000001be142e106d:   ff ff ff c5 7a 6f ad 48 ff ff ff c5 7a 6f b5 38
0x000001be142e107d:   ff ff ff c5 7a 6f bd 28 ff ff ff 4c 8b 7d c8 4c
0x000001be142e108d:   8b 75 d0 4c 8b 6d d8 4c 8b 65 e0 48 8b 5d f8 48
0x000001be142e109d:   8b 7d e8 48 8b 75 f0 48 81 c4 d8 01 00 00 c5 f8
0x000001be142e10ad:   77 5d c3 48 89 01 eb 88 c5 fa 11 01 eb 82 c5 fb
0x000001be142e10bd:   11 01 e9 79 ff ff ff 49 89 47 08 49 ba e0 53 c9
0x000001be142e10cd:   7f fe 7f 00 00 4d 89 57 10 41 c7 47 18 da 01 00
0x000001be142e10dd:   00 e9 2d ff ff ff 8b c1 87 02 c3 48 8b c1 48 87
0x000001be142e10ed:   02 c3 41 8b c0 f0 0f b1 0a c3 49 0f be c0 f0 0f
0x000001be142e10fd:   b0 0a c3 49 8b c0 f0 48 0f b1 0a c3 8b c1 f0 0f
0x000001be142e110d:   c1 0a 03 c1 c3 48 8b c1 f0 48 0f c1 0a 48 03 c1
0x000001be142e111d:   c3 f0 83 44 24 c0 00 c3 55 48 8b ec 48 8b 45 00
0x000001be142e112d:   48 8b 00 5d c3 48 8b c4 48 83 c0 08 c3 c3 0f 1f
0x000001be142e113d:   44 00 00 55 48 8b ec 49 b9 30 15 df 7f fe 7f 00
0x000001be142e114d:   00 f7 d1 41 83 f8 10 0f 8c 38 02 00 00 44 8b da
0x000001be142e115d:   41 83 e3 0f 74 23 41 83 eb 10 45 03 c3 66 90 0f
0x000001be142e116d:   be 02 33 c1 81 e0 ff 00 00 00 c1 e9 08 41 33 0c
0x000001be142e117d:   81 48 ff c2 41 ff c3 7c e6 45 8b d8 41 c1 e8 04
0x000001be142e118d:   0f 84 fc 01 00 00 c5 f9 6f 0a c5 f9 7e c8 33 c8
0x000001be142e119d:   c4 e3 71 22 c9 00 48 83 c2 10 41 83 e8 04 0f 8c
0x000001be142e11ad:   d7 00 00 00 c5 f9 6f 12 c5 f9 6f 5a 10 c5 f9 6f
0x000001be142e11bd:   62 20 48 83 c2 30 41 83 e8 03 0f 8e 70 00 00 00
0x000001be142e11cd:   49 ba 20 15 df 7f fe 7f 00 00 c4 c1 7a 6f 02 0f
0x000001be142e11dd:   1f 40 00 c4 e3 79 44 e9 11 c4 e3 79 44 c9 00 c5
0x000001be142e11ed:   f1 ef 0a c5 f1 ef cd c4 e3 79 44 ea 11 c4 e3 79
0x000001be142e11fd:   44 d2 00 c5 e9 ef 52 10 c5 e9 ef d5 c4 e3 79 44
0x000001be142e120d:   eb 11 c4 e3 79 44 db 00 c5 e1 ef 5a 20 c5 e1 ef
0x000001be142e121d:   dd c4 e3 79 44 ec 11 c4 e3 79 44 e4 00 c5 d9 ef 


Stack slot to memory mapping:
stack at sp + 0 slots: 0x00000000000003d8 is an unknown value
stack at sp + 1 slots: 0x00007ffe7f995726 jvm.dll
stack at sp + 2 slots: 0x00000000000000af is an unknown value
stack at sp + 3 slots: 0x000000849feff340 is pointing into the stack for thread: 0x000001be0bb56800
stack at sp + 4 slots: 0x00007fff066d82d0 instrument.dll
stack at sp + 5 slots: 0x00007fff1071b3e4 ucrtbase.dll
stack at sp + 6 slots: 0x000001be0bb56ef0 points into unknown readable memory: 0x000001be3052a110 | 10 a1 52 30 be 01 00 00
stack at sp + 7 slots: 0x00007ffe7f41236c jvm.dll

StubRoutines::get_previous_fp [0x000001be142e1125, 0x000001be142e1132[ (13 bytes)
---------------  P R O C E S S  ---------------

Threads class SMR info:
_java_thread_list=0x000001be308a5ad0, length=10, elements={
0x000001be0bb56800, 0x000001be3041e000, 0x000001be30427000, 0x000001be30479000,
0x000001be3047a800, 0x000001be3047e000, 0x000001be3048d800, 0x000001be30492800,
0x000001be304cd800, 0x000001be305f9000
}

Java Threads: ( => current thread )
=>0x000001be0bb56800 JavaThread "main" [_thread_in_vm, id=19120, stack(0x000000849fe00000,0x000000849ff00000)]
  0x000001be3041e000 JavaThread "Reference Handler" daemon [_thread_blocked, id=26792, stack(0x00000084a0500000,0x00000084a0600000)]
  0x000001be30427000 JavaThread "Finalizer" daemon [_thread_blocked, id=31012, stack(0x00000084a0600000,0x00000084a0700000)]
  0x000001be30479000 JavaThread "Signal Dispatcher" daemon [_thread_blocked, id=25204, stack(0x00000084a0700000,0x00000084a0800000)]
  0x000001be3047a800 JavaThread "Attach Listener" daemon [_thread_blocked, id=28128, stack(0x00000084a0800000,0x00000084a0900000)]
  0x000001be3047e000 JavaThread "Service Thread" daemon [_thread_blocked, id=29172, stack(0x00000084a0900000,0x00000084a0a00000)]
  0x000001be3048d800 JavaThread "C2 CompilerThread0" daemon [_thread_blocked, id=12660, stack(0x00000084a0a00000,0x00000084a0b00000)]
  0x000001be30492800 JavaThread "C1 CompilerThread0" daemon [_thread_blocked, id=22900, stack(0x00000084a0b00000,0x00000084a0c00000)]
  0x000001be304cd800 JavaThread "Sweeper thread" daemon [_thread_blocked, id=28576, stack(0x00000084a0c00000,0x00000084a0d00000)]
  0x000001be305f9000 JavaThread "Common-Cleaner" daemon [_thread_blocked, id=14880, stack(0x00000084a0d00000,0x00000084a0e00000)]

Other Threads:
  0x000001be303f9000 VMThread "VM Thread" [stack: 0x00000084a0400000,0x00000084a0500000] [id=34024]
  0x000001be0bb6e800 GCTaskThread "GC Thread#0" [stack: 0x000000849ff00000,0x00000084a0000000] [id=15692]
  0x000001be0bbcc000 ConcurrentGCThread "G1 Main Marker" [stack: 0x00000084a0000000,0x00000084a0100000] [id=3032]
  0x000001be0bbce000 ConcurrentGCThread "G1 Conc#0" [stack: 0x00000084a0100000,0x00000084a0200000] [id=28316]
  0x000001be2fa5d000 ConcurrentGCThread "G1 Refine#0" [stack: 0x00000084a0200000,0x00000084a0300000] [id=4524]
  0x000001be2fa60000 ConcurrentGCThread "G1 Young RemSet Sampling" [stack: 0x00000084a0300000,0x00000084a0400000] [id=27492]

Threads with active compile tasks:

VM state:not at safepoint (normal execution)

VM Mutex/Monitor currently owned by a thread: None

Heap address: 0x0000000704600000, size: 4026 MB, Compressed Oops mode: Zero based, Oop shift amount: 3
Narrow klass base: 0x0000000800000000, Narrow klass shift: 0
Compressed class space size: 1073741824 Address: 0x0000000800000000

Heap:
 garbage-first heap   total 258048K, used 2048K [0x0000000704600000, 0x0000000800000000)
  region size 1024K, 3 young (3072K), 0 survivors (0K)
 Metaspace       used 6701K, capacity 6850K, committed 7168K, reserved 1056768K
  class space    used 582K, capacity 643K, committed 768K, reserved 1048576K
Heap Regions: E=young(eden), S=young(survivor), O=old, HS=humongous(starts), HC=humongous(continues), CS=collection set, F=free, A=archive, TAMS=top-at-mark-start (previous, next)
|   0|0x0000000704600000, 0x0000000704600000, 0x0000000704700000|  0%| F|  |TAMS 0x0000000704600000, 0x0000000704600000| Untracked 
|   1|0x0000000704700000, 0x0000000704700000, 0x0000000704800000|  0%| F|  |TAMS 0x0000000704700000, 0x0000000704700000| Untracked 
|   2|0x0000000704800000, 0x0000000704800000, 0x0000000704900000|  0%| F|  |TAMS 0x0000000704800000, 0x0000000704800000| Untracked 
|   3|0x0000000704900000, 0x0000000704900000, 0x0000000704a00000|  0%| F|  |TAMS 0x0000000704900000, 0x0000000704900000| Untracked 
|   4|0x0000000704a00000, 0x0000000704a00000, 0x0000000704b00000|  0%| F|  |TAMS 0x0000000704a00000, 0x0000000704a00000| Untracked 
|   5|0x0000000704b00000, 0x0000000704b00000, 0x0000000704c00000|  0%| F|  |TAMS 0x0000000704b00000, 0x0000000704b00000| Untracked 
|   6|0x0000000704c00000, 0x0000000704c00000, 0x0000000704d00000|  0%| F|  |TAMS 0x0000000704c00000, 0x0000000704c00000| Untracked 
|   7|0x0000000704d00000, 0x0000000704d00000, 0x0000000704e00000|  0%| F|  |TAMS 0x0000000704d00000, 0x0000000704d00000| Untracked 
|   8|0x0000000704e00000, 0x0000000704e00000, 0x0000000704f00000|  0%| F|  |TAMS 0x0000000704e00000, 0x0000000704e00000| Untracked 
|   9|0x0000000704f00000, 0x0000000704f00000, 0x0000000705000000|  0%| F|  |TAMS 0x0000000704f00000, 0x0000000704f00000| Untracked 
|  10|0x0000000705000000, 0x0000000705000000, 0x0000000705100000|  0%| F|  |TAMS 0x0000000705000000, 0x0000000705000000| Untracked 
|  11|0x0000000705100000, 0x0000000705100000, 0x0000000705200000|  0%| F|  |TAMS 0x0000000705100000, 0x0000000705100000| Untracked 
|  12|0x0000000705200000, 0x0000000705200000, 0x0000000705300000|  0%| F|  |TAMS 0x0000000705200000, 0x0000000705200000| Untracked 
|  13|0x0000000705300000, 0x0000000705300000, 0x0000000705400000|  0%| F|  |TAMS 0x0000000705300000, 0x0000000705300000| Untracked 
|  14|0x0000000705400000, 0x0000000705400000, 0x0000000705500000|  0%| F|  |TAMS 0x0000000705400000, 0x0000000705400000| Untracked 
|  15|0x0000000705500000, 0x0000000705500000, 0x0000000705600000|  0%| F|  |TAMS 0x0000000705500000, 0x0000000705500000| Untracked 
|  16|0x0000000705600000, 0x0000000705600000, 0x0000000705700000|  0%| F|  |TAMS 0x0000000705600000, 0x0000000705600000| Untracked 
|  17|0x0000000705700000, 0x0000000705700000, 0x0000000705800000|  0%| F|  |TAMS 0x0000000705700000, 0x0000000705700000| Untracked 
|  18|0x0000000705800000, 0x0000000705800000, 0x0000000705900000|  0%| F|  |TAMS 0x0000000705800000, 0x0000000705800000| Untracked 
|  19|0x0000000705900000, 0x0000000705900000, 0x0000000705a00000|  0%| F|  |TAMS 0x0000000705900000, 0x0000000705900000| Untracked 
|  20|0x0000000705a00000, 0x0000000705a00000, 0x0000000705b00000|  0%| F|  |TAMS 0x0000000705a00000, 0x0000000705a00000| Untracked 
|  21|0x0000000705b00000, 0x0000000705b00000, 0x0000000705c00000|  0%| F|  |TAMS 0x0000000705b00000, 0x0000000705b00000| Untracked 
|  22|0x0000000705c00000, 0x0000000705c00000, 0x0000000705d00000|  0%| F|  |TAMS 0x0000000705c00000, 0x0000000705c00000| Untracked 
|  23|0x0000000705d00000, 0x0000000705d00000, 0x0000000705e00000|  0%| F|  |TAMS 0x0000000705d00000, 0x0000000705d00000| Untracked 
|  24|0x0000000705e00000, 0x0000000705e00000, 0x0000000705f00000|  0%| F|  |TAMS 0x0000000705e00000, 0x0000000705e00000| Untracked 
|  25|0x0000000705f00000, 0x0000000705f00000, 0x0000000706000000|  0%| F|  |TAMS 0x0000000705f00000, 0x0000000705f00000| Untracked 
|  26|0x0000000706000000, 0x0000000706000000, 0x0000000706100000|  0%| F|  |TAMS 0x0000000706000000, 0x0000000706000000| Untracked 
|  27|0x0000000706100000, 0x0000000706100000, 0x0000000706200000|  0%| F|  |TAMS 0x0000000706100000, 0x0000000706100000| Untracked 
|  28|0x0000000706200000, 0x0000000706200000, 0x0000000706300000|  0%| F|  |TAMS 0x0000000706200000, 0x0000000706200000| Untracked 
|  29|0x0000000706300000, 0x0000000706300000, 0x0000000706400000|  0%| F|  |TAMS 0x0000000706300000, 0x0000000706300000| Untracked 
|  30|0x0000000706400000, 0x0000000706400000, 0x0000000706500000|  0%| F|  |TAMS 0x0000000706400000, 0x0000000706400000| Untracked 
|  31|0x0000000706500000, 0x0000000706500000, 0x0000000706600000|  0%| F|  |TAMS 0x0000000706500000, 0x0000000706500000| Untracked 
|  32|0x0000000706600000, 0x0000000706600000, 0x0000000706700000|  0%| F|  |TAMS 0x0000000706600000, 0x0000000706600000| Untracked 
|  33|0x0000000706700000, 0x0000000706700000, 0x0000000706800000|  0%| F|  |TAMS 0x0000000706700000, 0x0000000706700000| Untracked 
|  34|0x0000000706800000, 0x0000000706800000, 0x0000000706900000|  0%| F|  |TAMS 0x0000000706800000, 0x0000000706800000| Untracked 
|  35|0x0000000706900000, 0x0000000706900000, 0x0000000706a00000|  0%| F|  |TAMS 0x0000000706900000, 0x0000000706900000| Untracked 
|  36|0x0000000706a00000, 0x0000000706a00000, 0x0000000706b00000|  0%| F|  |TAMS 0x0000000706a00000, 0x0000000706a00000| Untracked 
|  37|0x0000000706b00000, 0x0000000706b00000, 0x0000000706c00000|  0%| F|  |TAMS 0x0000000706b00000, 0x0000000706b00000| Untracked 
|  38|0x0000000706c00000, 0x0000000706c00000, 0x0000000706d00000|  0%| F|  |TAMS 0x0000000706c00000, 0x0000000706c00000| Untracked 
|  39|0x0000000706d00000, 0x0000000706d00000, 0x0000000706e00000|  0%| F|  |TAMS 0x0000000706d00000, 0x0000000706d00000| Untracked 
|  40|0x0000000706e00000, 0x0000000706e00000, 0x0000000706f00000|  0%| F|  |TAMS 0x0000000706e00000, 0x0000000706e00000| Untracked 
|  41|0x0000000706f00000, 0x0000000706f00000, 0x0000000707000000|  0%| F|  |TAMS 0x0000000706f00000, 0x0000000706f00000| Untracked 
|  42|0x0000000707000000, 0x0000000707000000, 0x0000000707100000|  0%| F|  |TAMS 0x0000000707000000, 0x0000000707000000| Untracked 
|  43|0x0000000707100000, 0x0000000707100000, 0x0000000707200000|  0%| F|  |TAMS 0x0000000707100000, 0x0000000707100000| Untracked 
|  44|0x0000000707200000, 0x0000000707200000, 0x0000000707300000|  0%| F|  |TAMS 0x0000000707200000, 0x0000000707200000| Untracked 
|  45|0x0000000707300000, 0x0000000707300000, 0x0000000707400000|  0%| F|  |TAMS 0x0000000707300000, 0x0000000707300000| Untracked 
|  46|0x0000000707400000, 0x0000000707400000, 0x0000000707500000|  0%| F|  |TAMS 0x0000000707400000, 0x0000000707400000| Untracked 
|  47|0x0000000707500000, 0x0000000707500000, 0x0000000707600000|  0%| F|  |TAMS 0x0000000707500000, 0x0000000707500000| Untracked 
|  48|0x0000000707600000, 0x0000000707600000, 0x0000000707700000|  0%| F|  |TAMS 0x0000000707600000, 0x0000000707600000| Untracked 
|  49|0x0000000707700000, 0x0000000707700000, 0x0000000707800000|  0%| F|  |TAMS 0x0000000707700000, 0x0000000707700000| Untracked 
|  50|0x0000000707800000, 0x0000000707800000, 0x0000000707900000|  0%| F|  |TAMS 0x0000000707800000, 0x0000000707800000| Untracked 
|  51|0x0000000707900000, 0x0000000707900000, 0x0000000707a00000|  0%| F|  |TAMS 0x0000000707900000, 0x0000000707900000| Untracked 
|  52|0x0000000707a00000, 0x0000000707a00000, 0x0000000707b00000|  0%| F|  |TAMS 0x0000000707a00000, 0x0000000707a00000| Untracked 
|  53|0x0000000707b00000, 0x0000000707b00000, 0x0000000707c00000|  0%| F|  |TAMS 0x0000000707b00000, 0x0000000707b00000| Untracked 
|  54|0x0000000707c00000, 0x0000000707c00000, 0x0000000707d00000|  0%| F|  |TAMS 0x0000000707c00000, 0x0000000707c00000| Untracked 
|  55|0x0000000707d00000, 0x0000000707d00000, 0x0000000707e00000|  0%| F|  |TAMS 0x0000000707d00000, 0x0000000707d00000| Untracked 
|  56|0x0000000707e00000, 0x0000000707e00000, 0x0000000707f00000|  0%| F|  |TAMS 0x0000000707e00000, 0x0000000707e00000| Untracked 
|  57|0x0000000707f00000, 0x0000000707f00000, 0x0000000708000000|  0%| F|  |TAMS 0x0000000707f00000, 0x0000000707f00000| Untracked 
|  58|0x0000000708000000, 0x0000000708000000, 0x0000000708100000|  0%| F|  |TAMS 0x0000000708000000, 0x0000000708000000| Untracked 
|  59|0x0000000708100000, 0x0000000708100000, 0x0000000708200000|  0%| F|  |TAMS 0x0000000708100000, 0x0000000708100000| Untracked 
|  60|0x0000000708200000, 0x0000000708200000, 0x0000000708300000|  0%| F|  |TAMS 0x0000000708200000, 0x0000000708200000| Untracked 
|  61|0x0000000708300000, 0x0000000708300000, 0x0000000708400000|  0%| F|  |TAMS 0x0000000708300000, 0x0000000708300000| Untracked 
|  62|0x0000000708400000, 0x0000000708400000, 0x0000000708500000|  0%| F|  |TAMS 0x0000000708400000, 0x0000000708400000| Untracked 
|  63|0x0000000708500000, 0x0000000708500000, 0x0000000708600000|  0%| F|  |TAMS 0x0000000708500000, 0x0000000708500000| Untracked 
|  64|0x0000000708600000, 0x0000000708600000, 0x0000000708700000|  0%| F|  |TAMS 0x0000000708600000, 0x0000000708600000| Untracked 
|  65|0x0000000708700000, 0x0000000708700000, 0x0000000708800000|  0%| F|  |TAMS 0x0000000708700000, 0x0000000708700000| Untracked 
|  66|0x0000000708800000, 0x0000000708800000, 0x0000000708900000|  0%| F|  |TAMS 0x0000000708800000, 0x0000000708800000| Untracked 
|  67|0x0000000708900000, 0x0000000708900000, 0x0000000708a00000|  0%| F|  |TAMS 0x0000000708900000, 0x0000000708900000| Untracked 
|  68|0x0000000708a00000, 0x0000000708a00000, 0x0000000708b00000|  0%| F|  |TAMS 0x0000000708a00000, 0x0000000708a00000| Untracked 
|  69|0x0000000708b00000, 0x0000000708b00000, 0x0000000708c00000|  0%| F|  |TAMS 0x0000000708b00000, 0x0000000708b00000| Untracked 
|  70|0x0000000708c00000, 0x0000000708c00000, 0x0000000708d00000|  0%| F|  |TAMS 0x0000000708c00000, 0x0000000708c00000| Untracked 
|  71|0x0000000708d00000, 0x0000000708d00000, 0x0000000708e00000|  0%| F|  |TAMS 0x0000000708d00000, 0x0000000708d00000| Untracked 
|  72|0x0000000708e00000, 0x0000000708e00000, 0x0000000708f00000|  0%| F|  |TAMS 0x0000000708e00000, 0x0000000708e00000| Untracked 
|  73|0x0000000708f00000, 0x0000000708f00000, 0x0000000709000000|  0%| F|  |TAMS 0x0000000708f00000, 0x0000000708f00000| Untracked 
|  74|0x0000000709000000, 0x0000000709000000, 0x0000000709100000|  0%| F|  |TAMS 0x0000000709000000, 0x0000000709000000| Untracked 
|  75|0x0000000709100000, 0x0000000709100000, 0x0000000709200000|  0%| F|  |TAMS 0x0000000709100000, 0x0000000709100000| Untracked 
|  76|0x0000000709200000, 0x0000000709200000, 0x0000000709300000|  0%| F|  |TAMS 0x0000000709200000, 0x0000000709200000| Untracked 
|  77|0x0000000709300000, 0x0000000709300000, 0x0000000709400000|  0%| F|  |TAMS 0x0000000709300000, 0x0000000709300000| Untracked 
|  78|0x0000000709400000, 0x0000000709400000, 0x0000000709500000|  0%| F|  |TAMS 0x0000000709400000, 0x0000000709400000| Untracked 
|  79|0x0000000709500000, 0x0000000709500000, 0x0000000709600000|  0%| F|  |TAMS 0x0000000709500000, 0x0000000709500000| Untracked 
|  80|0x0000000709600000, 0x0000000709600000, 0x0000000709700000|  0%| F|  |TAMS 0x0000000709600000, 0x0000000709600000| Untracked 
|  81|0x0000000709700000, 0x0000000709700000, 0x0000000709800000|  0%| F|  |TAMS 0x0000000709700000, 0x0000000709700000| Untracked 
|  82|0x0000000709800000, 0x0000000709800000, 0x0000000709900000|  0%| F|  |TAMS 0x0000000709800000, 0x0000000709800000| Untracked 
|  83|0x0000000709900000, 0x0000000709900000, 0x0000000709a00000|  0%| F|  |TAMS 0x0000000709900000, 0x0000000709900000| Untracked 
|  84|0x0000000709a00000, 0x0000000709a00000, 0x0000000709b00000|  0%| F|  |TAMS 0x0000000709a00000, 0x0000000709a00000| Untracked 
|  85|0x0000000709b00000, 0x0000000709b00000, 0x0000000709c00000|  0%| F|  |TAMS 0x0000000709b00000, 0x0000000709b00000| Untracked 
|  86|0x0000000709c00000, 0x0000000709c00000, 0x0000000709d00000|  0%| F|  |TAMS 0x0000000709c00000, 0x0000000709c00000| Untracked 
|  87|0x0000000709d00000, 0x0000000709d00000, 0x0000000709e00000|  0%| F|  |TAMS 0x0000000709d00000, 0x0000000709d00000| Untracked 
|  88|0x0000000709e00000, 0x0000000709e00000, 0x0000000709f00000|  0%| F|  |TAMS 0x0000000709e00000, 0x0000000709e00000| Untracked 
|  89|0x0000000709f00000, 0x0000000709f00000, 0x000000070a000000|  0%| F|  |TAMS 0x0000000709f00000, 0x0000000709f00000| Untracked 
|  90|0x000000070a000000, 0x000000070a000000, 0x000000070a100000|  0%| F|  |TAMS 0x000000070a000000, 0x000000070a000000| Untracked 
|  91|0x000000070a100000, 0x000000070a100000, 0x000000070a200000|  0%| F|  |TAMS 0x000000070a100000, 0x000000070a100000| Untracked 
|  92|0x000000070a200000, 0x000000070a200000, 0x000000070a300000|  0%| F|  |TAMS 0x000000070a200000, 0x000000070a200000| Untracked 
|  93|0x000000070a300000, 0x000000070a300000, 0x000000070a400000|  0%| F|  |TAMS 0x000000070a300000, 0x000000070a300000| Untracked 
|  94|0x000000070a400000, 0x000000070a400000, 0x000000070a500000|  0%| F|  |TAMS 0x000000070a400000, 0x000000070a400000| Untracked 
|  95|0x000000070a500000, 0x000000070a500000, 0x000000070a600000|  0%| F|  |TAMS 0x000000070a500000, 0x000000070a500000| Untracked 
|  96|0x000000070a600000, 0x000000070a600000, 0x000000070a700000|  0%| F|  |TAMS 0x000000070a600000, 0x000000070a600000| Untracked 
|  97|0x000000070a700000, 0x000000070a700000, 0x000000070a800000|  0%| F|  |TAMS 0x000000070a700000, 0x000000070a700000| Untracked 
|  98|0x000000070a800000, 0x000000070a800000, 0x000000070a900000|  0%| F|  |TAMS 0x000000070a800000, 0x000000070a800000| Untracked 
|  99|0x000000070a900000, 0x000000070a900000, 0x000000070aa00000|  0%| F|  |TAMS 0x000000070a900000, 0x000000070a900000| Untracked 
| 100|0x000000070aa00000, 0x000000070aa00000, 0x000000070ab00000|  0%| F|  |TAMS 0x000000070aa00000, 0x000000070aa00000| Untracked 
| 101|0x000000070ab00000, 0x000000070ab00000, 0x000000070ac00000|  0%| F|  |TAMS 0x000000070ab00000, 0x000000070ab00000| Untracked 
| 102|0x000000070ac00000, 0x000000070ac00000, 0x000000070ad00000|  0%| F|  |TAMS 0x000000070ac00000, 0x000000070ac00000| Untracked 
| 103|0x000000070ad00000, 0x000000070ad00000, 0x000000070ae00000|  0%| F|  |TAMS 0x000000070ad00000, 0x000000070ad00000| Untracked 
| 104|0x000000070ae00000, 0x000000070ae00000, 0x000000070af00000|  0%| F|  |TAMS 0x000000070ae00000, 0x000000070ae00000| Untracked 
| 105|0x000000070af00000, 0x000000070af00000, 0x000000070b000000|  0%| F|  |TAMS 0x000000070af00000, 0x000000070af00000| Untracked 
| 106|0x000000070b000000, 0x000000070b000000, 0x000000070b100000|  0%| F|  |TAMS 0x000000070b000000, 0x000000070b000000| Untracked 
| 107|0x000000070b100000, 0x000000070b100000, 0x000000070b200000|  0%| F|  |TAMS 0x000000070b100000, 0x000000070b100000| Untracked 
| 108|0x000000070b200000, 0x000000070b200000, 0x000000070b300000|  0%| F|  |TAMS 0x000000070b200000, 0x000000070b200000| Untracked 
| 109|0x000000070b300000, 0x000000070b300000, 0x000000070b400000|  0%| F|  |TAMS 0x000000070b300000, 0x000000070b300000| Untracked 
| 110|0x000000070b400000, 0x000000070b400000, 0x000000070b500000|  0%| F|  |TAMS 0x000000070b400000, 0x000000070b400000| Untracked 
| 111|0x000000070b500000, 0x000000070b500000, 0x000000070b600000|  0%| F|  |TAMS 0x000000070b500000, 0x000000070b500000| Untracked 
| 112|0x000000070b600000, 0x000000070b600000, 0x000000070b700000|  0%| F|  |TAMS 0x000000070b600000, 0x000000070b600000| Untracked 
| 113|0x000000070b700000, 0x000000070b700000, 0x000000070b800000|  0%| F|  |TAMS 0x000000070b700000, 0x000000070b700000| Untracked 
| 114|0x000000070b800000, 0x000000070b800000, 0x000000070b900000|  0%| F|  |TAMS 0x000000070b800000, 0x000000070b800000| Untracked 
| 115|0x000000070b900000, 0x000000070b900000, 0x000000070ba00000|  0%| F|  |TAMS 0x000000070b900000, 0x000000070b900000| Untracked 
| 116|0x000000070ba00000, 0x000000070ba00000, 0x000000070bb00000|  0%| F|  |TAMS 0x000000070ba00000, 0x000000070ba00000| Untracked 
| 117|0x000000070bb00000, 0x000000070bb00000, 0x000000070bc00000|  0%| F|  |TAMS 0x000000070bb00000, 0x000000070bb00000| Untracked 
| 118|0x000000070bc00000, 0x000000070bc00000, 0x000000070bd00000|  0%| F|  |TAMS 0x000000070bc00000, 0x000000070bc00000| Untracked 
| 119|0x000000070bd00000, 0x000000070bd00000, 0x000000070be00000|  0%| F|  |TAMS 0x000000070bd00000, 0x000000070bd00000| Untracked 
| 120|0x000000070be00000, 0x000000070be00000, 0x000000070bf00000|  0%| F|  |TAMS 0x000000070be00000, 0x000000070be00000| Untracked 
| 121|0x000000070bf00000, 0x000000070bf00000, 0x000000070c000000|  0%| F|  |TAMS 0x000000070bf00000, 0x000000070bf00000| Untracked 
| 122|0x000000070c000000, 0x000000070c000000, 0x000000070c100000|  0%| F|  |TAMS 0x000000070c000000, 0x000000070c000000| Untracked 
| 123|0x000000070c100000, 0x000000070c100000, 0x000000070c200000|  0%| F|  |TAMS 0x000000070c100000, 0x000000070c100000| Untracked 
| 124|0x000000070c200000, 0x000000070c200000, 0x000000070c300000|  0%| F|  |TAMS 0x000000070c200000, 0x000000070c200000| Untracked 
| 125|0x000000070c300000, 0x000000070c300000, 0x000000070c400000|  0%| F|  |TAMS 0x000000070c300000, 0x000000070c300000| Untracked 
| 126|0x000000070c400000, 0x000000070c400000, 0x000000070c500000|  0%| F|  |TAMS 0x000000070c400000, 0x000000070c400000| Untracked 
| 127|0x000000070c500000, 0x000000070c500000, 0x000000070c600000|  0%| F|  |TAMS 0x000000070c500000, 0x000000070c500000| Untracked 
| 128|0x000000070c600000, 0x000000070c600000, 0x000000070c700000|  0%| F|  |TAMS 0x000000070c600000, 0x000000070c600000| Untracked 
| 129|0x000000070c700000, 0x000000070c700000, 0x000000070c800000|  0%| F|  |TAMS 0x000000070c700000, 0x000000070c700000| Untracked 
| 130|0x000000070c800000, 0x000000070c800000, 0x000000070c900000|  0%| F|  |TAMS 0x000000070c800000, 0x000000070c800000| Untracked 
| 131|0x000000070c900000, 0x000000070c900000, 0x000000070ca00000|  0%| F|  |TAMS 0x000000070c900000, 0x000000070c900000| Untracked 
| 132|0x000000070ca00000, 0x000000070ca00000, 0x000000070cb00000|  0%| F|  |TAMS 0x000000070ca00000, 0x000000070ca00000| Untracked 
| 133|0x000000070cb00000, 0x000000070cb00000, 0x000000070cc00000|  0%| F|  |TAMS 0x000000070cb00000, 0x000000070cb00000| Untracked 
| 134|0x000000070cc00000, 0x000000070cc00000, 0x000000070cd00000|  0%| F|  |TAMS 0x000000070cc00000, 0x000000070cc00000| Untracked 
| 135|0x000000070cd00000, 0x000000070cd00000, 0x000000070ce00000|  0%| F|  |TAMS 0x000000070cd00000, 0x000000070cd00000| Untracked 
| 136|0x000000070ce00000, 0x000000070ce00000, 0x000000070cf00000|  0%| F|  |TAMS 0x000000070ce00000, 0x000000070ce00000| Untracked 
| 137|0x000000070cf00000, 0x000000070cf00000, 0x000000070d000000|  0%| F|  |TAMS 0x000000070cf00000, 0x000000070cf00000| Untracked 
| 138|0x000000070d000000, 0x000000070d000000, 0x000000070d100000|  0%| F|  |TAMS 0x000000070d000000, 0x000000070d000000| Untracked 
| 139|0x000000070d100000, 0x000000070d100000, 0x000000070d200000|  0%| F|  |TAMS 0x000000070d100000, 0x000000070d100000| Untracked 
| 140|0x000000070d200000, 0x000000070d200000, 0x000000070d300000|  0%| F|  |TAMS 0x000000070d200000, 0x000000070d200000| Untracked 
| 141|0x000000070d300000, 0x000000070d300000, 0x000000070d400000|  0%| F|  |TAMS 0x000000070d300000, 0x000000070d300000| Untracked 
| 142|0x000000070d400000, 0x000000070d400000, 0x000000070d500000|  0%| F|  |TAMS 0x000000070d400000, 0x000000070d400000| Untracked 
| 143|0x000000070d500000, 0x000000070d500000, 0x000000070d600000|  0%| F|  |TAMS 0x000000070d500000, 0x000000070d500000| Untracked 
| 144|0x000000070d600000, 0x000000070d600000, 0x000000070d700000|  0%| F|  |TAMS 0x000000070d600000, 0x000000070d600000| Untracked 
| 145|0x000000070d700000, 0x000000070d700000, 0x000000070d800000|  0%| F|  |TAMS 0x000000070d700000, 0x000000070d700000| Untracked 
| 146|0x000000070d800000, 0x000000070d800000, 0x000000070d900000|  0%| F|  |TAMS 0x000000070d800000, 0x000000070d800000| Untracked 
| 147|0x000000070d900000, 0x000000070d900000, 0x000000070da00000|  0%| F|  |TAMS 0x000000070d900000, 0x000000070d900000| Untracked 
| 148|0x000000070da00000, 0x000000070da00000, 0x000000070db00000|  0%| F|  |TAMS 0x000000070da00000, 0x000000070da00000| Untracked 
| 149|0x000000070db00000, 0x000000070db00000, 0x000000070dc00000|  0%| F|  |TAMS 0x000000070db00000, 0x000000070db00000| Untracked 
| 150|0x000000070dc00000, 0x000000070dc00000, 0x000000070dd00000|  0%| F|  |TAMS 0x000000070dc00000, 0x000000070dc00000| Untracked 
| 151|0x000000070dd00000, 0x000000070dd00000, 0x000000070de00000|  0%| F|  |TAMS 0x000000070dd00000, 0x000000070dd00000| Untracked 
| 152|0x000000070de00000, 0x000000070de00000, 0x000000070df00000|  0%| F|  |TAMS 0x000000070de00000, 0x000000070de00000| Untracked 
| 153|0x000000070df00000, 0x000000070df00000, 0x000000070e000000|  0%| F|  |TAMS 0x000000070df00000, 0x000000070df00000| Untracked 
| 154|0x000000070e000000, 0x000000070e000000, 0x000000070e100000|  0%| F|  |TAMS 0x000000070e000000, 0x000000070e000000| Untracked 
| 155|0x000000070e100000, 0x000000070e100000, 0x000000070e200000|  0%| F|  |TAMS 0x000000070e100000, 0x000000070e100000| Untracked 
| 156|0x000000070e200000, 0x000000070e200000, 0x000000070e300000|  0%| F|  |TAMS 0x000000070e200000, 0x000000070e200000| Untracked 
| 157|0x000000070e300000, 0x000000070e300000, 0x000000070e400000|  0%| F|  |TAMS 0x000000070e300000, 0x000000070e300000| Untracked 
| 158|0x000000070e400000, 0x000000070e400000, 0x000000070e500000|  0%| F|  |TAMS 0x000000070e400000, 0x000000070e400000| Untracked 
| 159|0x000000070e500000, 0x000000070e500000, 0x000000070e600000|  0%| F|  |TAMS 0x000000070e500000, 0x000000070e500000| Untracked 
| 160|0x000000070e600000, 0x000000070e600000, 0x000000070e700000|  0%| F|  |TAMS 0x000000070e600000, 0x000000070e600000| Untracked 
| 161|0x000000070e700000, 0x000000070e700000, 0x000000070e800000|  0%| F|  |TAMS 0x000000070e700000, 0x000000070e700000| Untracked 
| 162|0x000000070e800000, 0x000000070e800000, 0x000000070e900000|  0%| F|  |TAMS 0x000000070e800000, 0x000000070e800000| Untracked 
| 163|0x000000070e900000, 0x000000070e900000, 0x000000070ea00000|  0%| F|  |TAMS 0x000000070e900000, 0x000000070e900000| Untracked 
| 164|0x000000070ea00000, 0x000000070ea00000, 0x000000070eb00000|  0%| F|  |TAMS 0x000000070ea00000, 0x000000070ea00000| Untracked 
| 165|0x000000070eb00000, 0x000000070eb00000, 0x000000070ec00000|  0%| F|  |TAMS 0x000000070eb00000, 0x000000070eb00000| Untracked 
| 166|0x000000070ec00000, 0x000000070ec00000, 0x000000070ed00000|  0%| F|  |TAMS 0x000000070ec00000, 0x000000070ec00000| Untracked 
| 167|0x000000070ed00000, 0x000000070ed00000, 0x000000070ee00000|  0%| F|  |TAMS 0x000000070ed00000, 0x000000070ed00000| Untracked 
| 168|0x000000070ee00000, 0x000000070ee00000, 0x000000070ef00000|  0%| F|  |TAMS 0x000000070ee00000, 0x000000070ee00000| Untracked 
| 169|0x000000070ef00000, 0x000000070ef00000, 0x000000070f000000|  0%| F|  |TAMS 0x000000070ef00000, 0x000000070ef00000| Untracked 
| 170|0x000000070f000000, 0x000000070f000000, 0x000000070f100000|  0%| F|  |TAMS 0x000000070f000000, 0x000000070f000000| Untracked 
| 171|0x000000070f100000, 0x000000070f100000, 0x000000070f200000|  0%| F|  |TAMS 0x000000070f100000, 0x000000070f100000| Untracked 
| 172|0x000000070f200000, 0x000000070f200000, 0x000000070f300000|  0%| F|  |TAMS 0x000000070f200000, 0x000000070f200000| Untracked 
| 173|0x000000070f300000, 0x000000070f300000, 0x000000070f400000|  0%| F|  |TAMS 0x000000070f300000, 0x000000070f300000| Untracked 
| 174|0x000000070f400000, 0x000000070f400000, 0x000000070f500000|  0%| F|  |TAMS 0x000000070f400000, 0x000000070f400000| Untracked 
| 175|0x000000070f500000, 0x000000070f500000, 0x000000070f600000|  0%| F|  |TAMS 0x000000070f500000, 0x000000070f500000| Untracked 
| 176|0x000000070f600000, 0x000000070f600000, 0x000000070f700000|  0%| F|  |TAMS 0x000000070f600000, 0x000000070f600000| Untracked 
| 177|0x000000070f700000, 0x000000070f700000, 0x000000070f800000|  0%| F|  |TAMS 0x000000070f700000, 0x000000070f700000| Untracked 
| 178|0x000000070f800000, 0x000000070f800000, 0x000000070f900000|  0%| F|  |TAMS 0x000000070f800000, 0x000000070f800000| Untracked 
| 179|0x000000070f900000, 0x000000070f900000, 0x000000070fa00000|  0%| F|  |TAMS 0x000000070f900000, 0x000000070f900000| Untracked 
| 180|0x000000070fa00000, 0x000000070fa00000, 0x000000070fb00000|  0%| F|  |TAMS 0x000000070fa00000, 0x000000070fa00000| Untracked 
| 181|0x000000070fb00000, 0x000000070fb00000, 0x000000070fc00000|  0%| F|  |TAMS 0x000000070fb00000, 0x000000070fb00000| Untracked 
| 182|0x000000070fc00000, 0x000000070fc00000, 0x000000070fd00000|  0%| F|  |TAMS 0x000000070fc00000, 0x000000070fc00000| Untracked 
| 183|0x000000070fd00000, 0x000000070fd00000, 0x000000070fe00000|  0%| F|  |TAMS 0x000000070fd00000, 0x000000070fd00000| Untracked 
| 184|0x000000070fe00000, 0x000000070fe00000, 0x000000070ff00000|  0%| F|  |TAMS 0x000000070fe00000, 0x000000070fe00000| Untracked 
| 185|0x000000070ff00000, 0x000000070ff00000, 0x0000000710000000|  0%| F|  |TAMS 0x000000070ff00000, 0x000000070ff00000| Untracked 
| 186|0x0000000710000000, 0x0000000710000000, 0x0000000710100000|  0%| F|  |TAMS 0x0000000710000000, 0x0000000710000000| Untracked 
| 187|0x0000000710100000, 0x0000000710100000, 0x0000000710200000|  0%| F|  |TAMS 0x0000000710100000, 0x0000000710100000| Untracked 
| 188|0x0000000710200000, 0x0000000710200000, 0x0000000710300000|  0%| F|  |TAMS 0x0000000710200000, 0x0000000710200000| Untracked 
| 189|0x0000000710300000, 0x0000000710300000, 0x0000000710400000|  0%| F|  |TAMS 0x0000000710300000, 0x0000000710300000| Untracked 
| 190|0x0000000710400000, 0x0000000710400000, 0x0000000710500000|  0%| F|  |TAMS 0x0000000710400000, 0x0000000710400000| Untracked 
| 191|0x0000000710500000, 0x0000000710500000, 0x0000000710600000|  0%| F|  |TAMS 0x0000000710500000, 0x0000000710500000| Untracked 
| 192|0x0000000710600000, 0x0000000710600000, 0x0000000710700000|  0%| F|  |TAMS 0x0000000710600000, 0x0000000710600000| Untracked 
| 193|0x0000000710700000, 0x0000000710700000, 0x0000000710800000|  0%| F|  |TAMS 0x0000000710700000, 0x0000000710700000| Untracked 
| 194|0x0000000710800000, 0x0000000710800000, 0x0000000710900000|  0%| F|  |TAMS 0x0000000710800000, 0x0000000710800000| Untracked 
| 195|0x0000000710900000, 0x0000000710900000, 0x0000000710a00000|  0%| F|  |TAMS 0x0000000710900000, 0x0000000710900000| Untracked 
| 196|0x0000000710a00000, 0x0000000710a00000, 0x0000000710b00000|  0%| F|  |TAMS 0x0000000710a00000, 0x0000000710a00000| Untracked 
| 197|0x0000000710b00000, 0x0000000710b00000, 0x0000000710c00000|  0%| F|  |TAMS 0x0000000710b00000, 0x0000000710b00000| Untracked 
| 198|0x0000000710c00000, 0x0000000710c00000, 0x0000000710d00000|  0%| F|  |TAMS 0x0000000710c00000, 0x0000000710c00000| Untracked 
| 199|0x0000000710d00000, 0x0000000710d00000, 0x0000000710e00000|  0%| F|  |TAMS 0x0000000710d00000, 0x0000000710d00000| Untracked 
| 200|0x0000000710e00000, 0x0000000710e00000, 0x0000000710f00000|  0%| F|  |TAMS 0x0000000710e00000, 0x0000000710e00000| Untracked 
| 201|0x0000000710f00000, 0x0000000710f00000, 0x0000000711000000|  0%| F|  |TAMS 0x0000000710f00000, 0x0000000710f00000| Untracked 
| 202|0x0000000711000000, 0x0000000711000000, 0x0000000711100000|  0%| F|  |TAMS 0x0000000711000000, 0x0000000711000000| Untracked 
| 203|0x0000000711100000, 0x0000000711100000, 0x0000000711200000|  0%| F|  |TAMS 0x0000000711100000, 0x0000000711100000| Untracked 
| 204|0x0000000711200000, 0x0000000711200000, 0x0000000711300000|  0%| F|  |TAMS 0x0000000711200000, 0x0000000711200000| Untracked 
| 205|0x0000000711300000, 0x0000000711300000, 0x0000000711400000|  0%| F|  |TAMS 0x0000000711300000, 0x0000000711300000| Untracked 
| 206|0x0000000711400000, 0x0000000711400000, 0x0000000711500000|  0%| F|  |TAMS 0x0000000711400000, 0x0000000711400000| Untracked 
| 207|0x0000000711500000, 0x0000000711500000, 0x0000000711600000|  0%| F|  |TAMS 0x0000000711500000, 0x0000000711500000| Untracked 
| 208|0x0000000711600000, 0x0000000711600000, 0x0000000711700000|  0%| F|  |TAMS 0x0000000711600000, 0x0000000711600000| Untracked 
| 209|0x0000000711700000, 0x0000000711700000, 0x0000000711800000|  0%| F|  |TAMS 0x0000000711700000, 0x0000000711700000| Untracked 
| 210|0x0000000711800000, 0x0000000711800000, 0x0000000711900000|  0%| F|  |TAMS 0x0000000711800000, 0x0000000711800000| Untracked 
| 211|0x0000000711900000, 0x0000000711900000, 0x0000000711a00000|  0%| F|  |TAMS 0x0000000711900000, 0x0000000711900000| Untracked 
| 212|0x0000000711a00000, 0x0000000711a00000, 0x0000000711b00000|  0%| F|  |TAMS 0x0000000711a00000, 0x0000000711a00000| Untracked 
| 213|0x0000000711b00000, 0x0000000711b00000, 0x0000000711c00000|  0%| F|  |TAMS 0x0000000711b00000, 0x0000000711b00000| Untracked 
| 214|0x0000000711c00000, 0x0000000711c00000, 0x0000000711d00000|  0%| F|  |TAMS 0x0000000711c00000, 0x0000000711c00000| Untracked 
| 215|0x0000000711d00000, 0x0000000711d00000, 0x0000000711e00000|  0%| F|  |TAMS 0x0000000711d00000, 0x0000000711d00000| Untracked 
| 216|0x0000000711e00000, 0x0000000711e00000, 0x0000000711f00000|  0%| F|  |TAMS 0x0000000711e00000, 0x0000000711e00000| Untracked 
| 217|0x0000000711f00000, 0x0000000711f00000, 0x0000000712000000|  0%| F|  |TAMS 0x0000000711f00000, 0x0000000711f00000| Untracked 
| 218|0x0000000712000000, 0x0000000712000000, 0x0000000712100000|  0%| F|  |TAMS 0x0000000712000000, 0x0000000712000000| Untracked 
| 219|0x0000000712100000, 0x0000000712100000, 0x0000000712200000|  0%| F|  |TAMS 0x0000000712100000, 0x0000000712100000| Untracked 
| 220|0x0000000712200000, 0x0000000712200000, 0x0000000712300000|  0%| F|  |TAMS 0x0000000712200000, 0x0000000712200000| Untracked 
| 221|0x0000000712300000, 0x0000000712300000, 0x0000000712400000|  0%| F|  |TAMS 0x0000000712300000, 0x0000000712300000| Untracked 
| 222|0x0000000712400000, 0x0000000712400000, 0x0000000712500000|  0%| F|  |TAMS 0x0000000712400000, 0x0000000712400000| Untracked 
| 223|0x0000000712500000, 0x0000000712500000, 0x0000000712600000|  0%| F|  |TAMS 0x0000000712500000, 0x0000000712500000| Untracked 
| 224|0x0000000712600000, 0x0000000712600000, 0x0000000712700000|  0%| F|  |TAMS 0x0000000712600000, 0x0000000712600000| Untracked 
| 225|0x0000000712700000, 0x0000000712700000, 0x0000000712800000|  0%| F|  |TAMS 0x0000000712700000, 0x0000000712700000| Untracked 
| 226|0x0000000712800000, 0x0000000712800000, 0x0000000712900000|  0%| F|  |TAMS 0x0000000712800000, 0x0000000712800000| Untracked 
| 227|0x0000000712900000, 0x0000000712900000, 0x0000000712a00000|  0%| F|  |TAMS 0x0000000712900000, 0x0000000712900000| Untracked 
| 228|0x0000000712a00000, 0x0000000712a00000, 0x0000000712b00000|  0%| F|  |TAMS 0x0000000712a00000, 0x0000000712a00000| Untracked 
| 229|0x0000000712b00000, 0x0000000712b00000, 0x0000000712c00000|  0%| F|  |TAMS 0x0000000712b00000, 0x0000000712b00000| Untracked 
| 230|0x0000000712c00000, 0x0000000712c00000, 0x0000000712d00000|  0%| F|  |TAMS 0x0000000712c00000, 0x0000000712c00000| Untracked 
| 231|0x0000000712d00000, 0x0000000712d00000, 0x0000000712e00000|  0%| F|  |TAMS 0x0000000712d00000, 0x0000000712d00000| Untracked 
| 232|0x0000000712e00000, 0x0000000712e00000, 0x0000000712f00000|  0%| F|  |TAMS 0x0000000712e00000, 0x0000000712e00000| Untracked 
| 233|0x0000000712f00000, 0x0000000712f00000, 0x0000000713000000|  0%| F|  |TAMS 0x0000000712f00000, 0x0000000712f00000| Untracked 
| 234|0x0000000713000000, 0x0000000713000000, 0x0000000713100000|  0%| F|  |TAMS 0x0000000713000000, 0x0000000713000000| Untracked 
| 235|0x0000000713100000, 0x0000000713100000, 0x0000000713200000|  0%| F|  |TAMS 0x0000000713100000, 0x0000000713100000| Untracked 
| 236|0x0000000713200000, 0x0000000713200000, 0x0000000713300000|  0%| F|  |TAMS 0x0000000713200000, 0x0000000713200000| Untracked 
| 237|0x0000000713300000, 0x0000000713300000, 0x0000000713400000|  0%| F|  |TAMS 0x0000000713300000, 0x0000000713300000| Untracked 
| 238|0x0000000713400000, 0x0000000713400000, 0x0000000713500000|  0%| F|  |TAMS 0x0000000713400000, 0x0000000713400000| Untracked 
| 239|0x0000000713500000, 0x0000000713500000, 0x0000000713600000|  0%| F|  |TAMS 0x0000000713500000, 0x0000000713500000| Untracked 
| 240|0x0000000713600000, 0x0000000713600000, 0x0000000713700000|  0%| F|  |TAMS 0x0000000713600000, 0x0000000713600000| Untracked 
| 241|0x0000000713700000, 0x0000000713700000, 0x0000000713800000|  0%| F|  |TAMS 0x0000000713700000, 0x0000000713700000| Untracked 
| 242|0x0000000713800000, 0x0000000713800000, 0x0000000713900000|  0%| F|  |TAMS 0x0000000713800000, 0x0000000713800000| Untracked 
| 243|0x0000000713900000, 0x0000000713900000, 0x0000000713a00000|  0%| F|  |TAMS 0x0000000713900000, 0x0000000713900000| Untracked 
| 244|0x0000000713a00000, 0x0000000713a00000, 0x0000000713b00000|  0%| F|  |TAMS 0x0000000713a00000, 0x0000000713a00000| Untracked 
| 245|0x0000000713b00000, 0x0000000713b00000, 0x0000000713c00000|  0%| F|  |TAMS 0x0000000713b00000, 0x0000000713b00000| Untracked 
| 246|0x0000000713c00000, 0x0000000713c00000, 0x0000000713d00000|  0%| F|  |TAMS 0x0000000713c00000, 0x0000000713c00000| Untracked 
| 247|0x0000000713d00000, 0x0000000713d00000, 0x0000000713e00000|  0%| F|  |TAMS 0x0000000713d00000, 0x0000000713d00000| Untracked 
| 248|0x0000000713e00000, 0x0000000713e00000, 0x0000000713f00000|  0%| F|  |TAMS 0x0000000713e00000, 0x0000000713e00000| Untracked 
| 249|0x0000000713f00000, 0x0000000713ff64d0, 0x0000000714000000| 96%| E|  |TAMS 0x0000000713f00000, 0x0000000713f00000| Complete 
| 250|0x0000000714000000, 0x0000000714100000, 0x0000000714100000|100%| E|CS|TAMS 0x0000000714000000, 0x0000000714000000| Complete 
| 251|0x0000000714100000, 0x0000000714200000, 0x0000000714200000|100%| E|CS|TAMS 0x0000000714100000, 0x0000000714100000| Complete 

Card table byte_map: [0x000001be24020000,0x000001be24800000] _byte_map_base: 0x000001be207fd000

Marking Bits (Prev, Next): (CMBitMap*) 0x000001be0bbbb6b8, (CMBitMap*) 0x000001be0bbbb6f0
 Prev Bits: [0x000001be24fe0000, 0x000001be28ec8000)
 Next Bits: [0x000001be28ed0000, 0x000001be2cdb8000)

Polling page: 0x000001be09ac0000

Metaspace:

Usage:
  Non-class:      6.06 MB capacity,     5.98 MB ( 99%) used,    83.13 KB (  1%) free+waste,     4.50 KB ( <1%) overhead. 
      Class:    643.00 KB capacity,   582.12 KB ( 91%) used,    58.70 KB (  9%) free+waste,     2.19 KB ( <1%) overhead. 
       Both:      6.69 MB capacity,     6.54 MB ( 98%) used,   141.83 KB (  2%) free+waste,     6.69 KB ( <1%) overhead. 

Virtual space:
  Non-class space:        8.00 MB reserved,       6.25 MB ( 78%) committed 
      Class space:        1.00 GB reserved,     768.00 KB ( <1%) committed 
             Both:        1.01 GB reserved,       7.00 MB ( <1%) committed 

Chunk freelists:
   Non-Class:  1.00 KB
       Class:  29.00 KB
        Both:  30.00 KB

MaxMetaspaceSize: 17179869184.00 GB
CompressedClassSpaceSize: 1.00 GB
Initial GC threshold: 20.80 MB
Current GC threshold: 20.80 MB
CDS: off

CodeHeap 'non-profiled nmethods': size=120000Kb used=99Kb max_used=99Kb free=119900Kb
 bounds [0x000001be1bdb0000, 0x000001be1c020000, 0x000001be232e0000]
CodeHeap 'profiled nmethods': size=120000Kb used=343Kb max_used=343Kb free=119656Kb
 bounds [0x000001be14880000, 0x000001be14af0000, 0x000001be1bdb0000]
CodeHeap 'non-nmethods': size=5760Kb used=1100Kb max_used=1112Kb free=4659Kb
 bounds [0x000001be142e0000, 0x000001be14550000, 0x000001be14880000]
 total_blobs=650 nmethods=307 adapters=256
 compilation: enabled
              stopped_count=0, restarted_count=0
 full_count=0

Compilation events (20 events):
Event: 0.329 Thread 0x000001be30492800 nmethod 297 0x000001be148d1610 code [0x000001be148d18e0, 0x000001be148d27e8]
Event: 0.329 Thread 0x000001be30492800  300       3       java.util.zip.ZipFile$Source::getEntryPos (206 bytes)
Event: 0.329 Thread 0x000001be3048d800 nmethod 298 0x000001be1bdc8210 code [0x000001be1bdc83a0, 0x000001be1bdc8438]
Event: 0.329 Thread 0x000001be3048d800  299       4       java.util.zip.ZipFile$Source::getEntryNext (9 bytes)
Event: 0.329 Thread 0x000001be30492800 nmethod 300 0x000001be148d2d10 code [0x000001be148d2fa0, 0x000001be148d3d48]
Event: 0.329 Thread 0x000001be3048d800 nmethod 299 0x000001be1bdc8510 code [0x000001be1bdc86a0, 0x000001be1bdc8738]
Event: 0.330 Thread 0x000001be30492800  301       3       sun.nio.cs.SingleByte$Encoder::encode (32 bytes)
Event: 0.331 Thread 0x000001be30492800 nmethod 301 0x000001be148d4410 code [0x000001be148d45c0, 0x000001be148d4778]
Event: 0.331 Thread 0x000001be30492800  302       3       java.util.Collections$UnmodifiableCollection$1::next (10 bytes)
Event: 0.331 Thread 0x000001be30492800 nmethod 302 0x000001be148d4890 code [0x000001be148d4a40, 0x000001be148d4c08]
Event: 0.331 Thread 0x000001be30492800  303       1       java.nio.Buffer::position (5 bytes)
Event: 0.331 Thread 0x000001be30492800 nmethod 303 0x000001be1bdc8810 code [0x000001be1bdc89c0, 0x000001be1bdc8a78]
Event: 0.331 Thread 0x000001be30492800  304       1       java.nio.Buffer::limit (5 bytes)
Event: 0.331 Thread 0x000001be30492800 nmethod 304 0x000001be1bdc8b10 code [0x000001be1bdc8cc0, 0x000001be1bdc8d78]
Event: 0.331 Thread 0x000001be30492800  305       3       java.nio.Buffer::position (52 bytes)
Event: 0.331 Thread 0x000001be30492800 nmethod 305 0x000001be148d4d10 code [0x000001be148d4ee0, 0x000001be148d5148]
Event: 0.331 Thread 0x000001be30492800  306       3       java.nio.ByteBuffer::arrayOffset (35 bytes)
Event: 0.331 Thread 0x000001be30492800 nmethod 306 0x000001be148d5210 code [0x000001be148d53e0, 0x000001be148d5658]
Event: 0.331 Thread 0x000001be30492800  307       3       java.nio.CharBuffer::arrayOffset (35 bytes)
Event: 0.332 Thread 0x000001be30492800 nmethod 307 0x000001be148d5790 code [0x000001be148d5960, 0x000001be148d5bd8]

GC Heap History (0 events):
No events

Deoptimization events (12 events):
Event: 0.082 Thread 0x000001be0bb56800 Uncommon trap: trap_request=0xffffff4d fr.pc=0x000001be1bdb8428 relative=0x0000000000000188
Event: 0.082 Thread 0x000001be0bb56800 Uncommon trap: reason=unstable_if action=reinterpret pc=0x000001be1bdb8428 method=java.lang.String.hashCode()I @ 22 c2
Event: 0.082 Thread 0x000001be0bb56800 DEOPT PACKING pc=0x000001be1bdb8428 sp=0x000000849fefe8a0
Event: 0.082 Thread 0x000001be0bb56800 DEOPT UNPACKING pc=0x000001be1432a1af sp=0x000000849fefe828 mode 2
Event: 0.083 Thread 0x000001be0bb56800 Uncommon trap: trap_request=0xffffff4d fr.pc=0x000001be1bdb98ac relative=0x000000000000018c
Event: 0.083 Thread 0x000001be0bb56800 Uncommon trap: reason=unstable_if action=reinterpret pc=0x000001be1bdb98ac method=java.lang.String.equals(Ljava/lang/Object;)Z @ 27 c2
Event: 0.083 Thread 0x000001be0bb56800 DEOPT PACKING pc=0x000001be1bdb98ac sp=0x000000849fefe980
Event: 0.083 Thread 0x000001be0bb56800 DEOPT UNPACKING pc=0x000001be1432a1af sp=0x000000849fefe920 mode 2
Event: 0.300 Thread 0x000001be0bb56800 DEOPT PACKING pc=0x000001be148b15cb sp=0x000000849fefabe0
Event: 0.300 Thread 0x000001be0bb56800 DEOPT UNPACKING pc=0x000001be1432a95e sp=0x000000849fefa0b0 mode 0
Event: 0.301 Thread 0x000001be0bb56800 DEOPT PACKING pc=0x000001be148b15cb sp=0x000000849fefabe0
Event: 0.301 Thread 0x000001be0bb56800 DEOPT UNPACKING pc=0x000001be1432a95e sp=0x000000849fefa0b0 mode 0

Classes redefined (0 events):
No events

Internal exceptions (2 events):
Event: 0.330 Thread 0x000001be0bb56800 Exception <a 'java/io/FileNotFoundException'{0x0000000713fd02b8}> (0x0000000713fd02b8) thrown at [s\src\hotspot\share\prims\jni.cpp, line 617]
Event: 0.331 Thread 0x000001be0bb56800 Exception <a 'java/lang/reflect/InvocationTargetException'{0x0000000713fd6518}> (0x0000000713fd6518) thrown at [s\src\hotspot\share\runtime\reflection.cpp, line 1245]

Events (20 events):
Event: 0.327 loading class org/jacoco/agent/rt/internal_43f5073/core/runtime/AbstractRuntime
Event: 0.327 loading class org/jacoco/agent/rt/internal_43f5073/core/runtime/AbstractRuntime done
Event: 0.328 loading class org/jacoco/agent/rt/internal_43f5073/Agent$2
Event: 0.328 loading class org/jacoco/agent/rt/internal_43f5073/Agent$2 done
Event: 0.328 loading class java/lang/NoSuchFieldError
Event: 0.328 loading class java/lang/IncompatibleClassChangeError
Event: 0.328 loading class java/lang/IncompatibleClassChangeError done
Event: 0.328 loading class java/lang/NoSuchFieldError done
Event: 0.328 loading class org/jacoco/agent/rt/internal_43f5073/output/FileOutput
Event: 0.328 loading class org/jacoco/agent/rt/internal_43f5073/output/FileOutput done
Event: 0.330 loading class java/io/FileNotFoundException
Event: 0.330 loading class java/io/FileNotFoundException done
Event: 0.330 loading class java/lang/Throwable$WrappedPrintStream
Event: 0.330 loading class java/lang/Throwable$PrintStreamOrWriter
Event: 0.330 loading class java/lang/Throwable$PrintStreamOrWriter done
Event: 0.330 loading class java/lang/Throwable$WrappedPrintStream done
Event: 0.331 loading class java/lang/StackTraceElement$HashedModules
Event: 0.331 loading class java/lang/StackTraceElement$HashedModules done
Event: 0.331 loading class java/lang/reflect/InvocationTargetException
Event: 0.331 loading class java/lang/reflect/InvocationTargetException done


Dynamic libraries:
0x00007ff795fa0000 - 0x00007ff795fae000 	C:\Users\Артем\.jdks\corretto-11.0.23\bin\java.exe
0x00007fff12df0000 - 0x00007fff12fe8000 	C:\Windows\SYSTEM32\ntdll.dll
0x00007fff11790000 - 0x00007fff1184d000 	C:\Windows\System32\KERNEL32.DLL
0x00007fff10940000 - 0x00007fff10c36000 	C:\Windows\System32\KERNELBASE.dll
0x00007fff10700000 - 0x00007fff10800000 	C:\Windows\System32\ucrtbase.dll
0x00007fff08560000 - 0x00007fff08577000 	C:\Users\Артем\.jdks\corretto-11.0.23\bin\jli.dll
0x00007fff070f0000 - 0x00007fff0710b000 	C:\Users\Артем\.jdks\corretto-11.0.23\bin\VCRUNTIME140.dll
0x00007fff11be0000 - 0x00007fff11d7f000 	C:\Windows\System32\USER32.dll
0x00007fff10dd0000 - 0x00007fff10df2000 	C:\Windows\System32\win32u.dll
0x00007ffefb240000 - 0x00007ffefb4da000 	C:\Windows\WinSxS\amd64_microsoft.windows.common-controls_6595b64144ccf1df_6.0.19041.4355_none_60b8b9eb71f62e16\COMCTL32.dll
0x00007fff11a40000 - 0x00007fff11a6b000 	C:\Windows\System32\GDI32.dll
0x00007fff10590000 - 0x00007fff106a7000 	C:\Windows\System32\gdi32full.dll
0x00007fff11b30000 - 0x00007fff11bce000 	C:\Windows\System32\msvcrt.dll
0x00007fff10480000 - 0x00007fff1051d000 	C:\Windows\System32\msvcp_win.dll
0x00007fff10e00000 - 0x00007fff10e2f000 	C:\Windows\System32\IMM32.DLL
0x00000000563c0000 - 0x00000000563cc000 	C:\Program Files (x86)\360\Total Security\safemon\SafeWrapper.dll
0x00007fff11850000 - 0x00007fff11900000 	C:\Windows\System32\ADVAPI32.dll
0x00007fff12bb0000 - 0x00007fff12c50000 	C:\Windows\System32\sechost.dll
0x00007fff12c50000 - 0x00007fff12d73000 	C:\Windows\System32\RPCRT4.dll
0x00007fff10da0000 - 0x00007fff10dc7000 	C:\Windows\System32\bcrypt.dll
0x00007fff06700000 - 0x00007fff067ac000 	C:\Program Files (x86)\360\Total Security\safemon\libzdtp64.dll
0x00007fff11020000 - 0x00007fff1178c000 	C:\Windows\System32\SHELL32.dll
0x00007fff123e0000 - 0x00007fff12435000 	C:\Windows\System32\SHLWAPI.dll
0x00007fff0fee0000 - 0x00007fff0feea000 	C:\Windows\SYSTEM32\VERSION.dll
0x00007fff0a060000 - 0x00007fff0a06c000 	C:\Users\Артем\.jdks\corretto-11.0.23\bin\vcruntime140_1.dll
0x00007fff004b0000 - 0x00007fff0053d000 	C:\Users\Артем\.jdks\corretto-11.0.23\bin\msvcp140.dll
0x00007ffe7f350000 - 0x00007ffe7ff14000 	C:\Users\Артем\.jdks\corretto-11.0.23\bin\server\jvm.dll
0x00007fff11900000 - 0x00007fff11908000 	C:\Windows\System32\PSAPI.DLL
0x00007fff09f80000 - 0x00007fff09f89000 	C:\Windows\SYSTEM32\WSOCK32.dll
0x00007fff009a0000 - 0x00007fff009c7000 	C:\Windows\SYSTEM32\WINMM.dll
0x00007fff12370000 - 0x00007fff123db000 	C:\Windows\System32\WS2_32.dll
0x00007fff0ec20000 - 0x00007fff0ec32000 	C:\Windows\SYSTEM32\kernel.appcore.dll
0x00007fff08550000 - 0x00007fff08560000 	C:\Users\Артем\.jdks\corretto-11.0.23\bin\verify.dll
0x00007fff0e950000 - 0x00007fff0eb34000 	C:\Windows\SYSTEM32\DBGHELP.DLL
0x00007ffee4020000 - 0x00007ffee4054000 	C:\Windows\SYSTEM32\dbgcore.DLL
0x00007fff10800000 - 0x00007fff10882000 	C:\Windows\System32\bcryptPrimitives.dll
0x00007fff06ff0000 - 0x00007fff07018000 	C:\Users\Артем\.jdks\corretto-11.0.23\bin\java.dll
0x00007fff06fe0000 - 0x00007fff06fea000 	C:\Users\Артем\.jdks\corretto-11.0.23\bin\jimage.dll
0x00007fff066d0000 - 0x00007fff066de000 	C:\Users\Артем\.jdks\corretto-11.0.23\bin\instrument.dll
0x00007fff070d0000 - 0x00007fff070e8000 	C:\Users\Артем\.jdks\corretto-11.0.23\bin\zip.dll
0x00007fff0e0e0000 - 0x00007fff0e87d000 	C:\Windows\SYSTEM32\windows.storage.dll
0x00007fff12580000 - 0x00007fff128d3000 	C:\Windows\System32\combase.dll
0x00007fff0fe30000 - 0x00007fff0fe5e000 	C:\Windows\SYSTEM32\Wldp.dll
0x00007fff11e30000 - 0x00007fff11efd000 	C:\Windows\System32\OLEAUT32.dll
0x00007fff11d80000 - 0x00007fff11e2d000 	C:\Windows\System32\SHCORE.dll
0x00007fff103b0000 - 0x00007fff103d4000 	C:\Windows\SYSTEM32\profapi.dll
0x00007fff06990000 - 0x00007fff069a9000 	C:\Users\Артем\.jdks\corretto-11.0.23\bin\net.dll
0x00007fff06260000 - 0x00007fff0636a000 	C:\Windows\SYSTEM32\WINHTTP.dll
0x00007fff0fb90000 - 0x00007fff0fbfa000 	C:\Windows\system32\mswsock.dll
0x00007fff066e0000 - 0x00007fff066f2000 	C:\Users\Артем\.jdks\corretto-11.0.23\bin\nio.dll
0x00007ffe95f40000 - 0x00007ffe95f57000 	C:\Windows\system32\napinsp.dll
0x00007ffe95b00000 - 0x00007ffe95b1b000 	C:\Windows\system32\pnrpnsp.dll
0x00007ffee1000000 - 0x00007ffee1015000 	C:\Windows\system32\wshbth.dll
0x00007fff084f0000 - 0x00007fff0850d000 	C:\Windows\system32\NLAapi.dll
0x00007fff0f820000 - 0x00007fff0f85b000 	C:\Windows\SYSTEM32\IPHLPAPI.DLL
0x00007fff0f860000 - 0x00007fff0f92a000 	C:\Windows\SYSTEM32\DNSAPI.dll
0x00007fff11bd0000 - 0x00007fff11bd8000 	C:\Windows\System32\NSI.dll
0x00007ffe95ae0000 - 0x00007ffe95af2000 	C:\Windows\System32\winrnr.dll
0x00007fff04b50000 - 0x00007fff04b5a000 	C:\Windows\System32\rasadhlp.dll
0x00007fff036d0000 - 0x00007fff03750000 	C:\Windows\System32\fwpuclnt.dll

dbghelp: loaded successfully - version: 4.0.5 - missing functions: none
symbol engine: initialized successfully - sym options: 0x614 - pdb path: .;C:\Users\Артем\.jdks\corretto-11.0.23\bin;C:\Windows\SYSTEM32;C:\Windows\WinSxS\amd64_microsoft.windows.common-controls_6595b64144ccf1df_6.0.19041.4355_none_60b8b9eb71f62e16;C:\Program Files (x86)\360\Total Security\safemon;C:\Users\Артем\.jdks\corretto-11.0.23\bin\server

VM Arguments:
jvm_args: -javaagent:C:\\Users\\Артем\\.m2\\repository\\org\\jacoco\\org.jacoco.agent\\0.8.5\\org.jacoco.agent-0.8.5-runtime.jar=destfile=C:\\Users\\Артем\\IdeaProjects\\Homework12\\target\\jacoco.exec 
java_command: C:\Users\328F~1\AppData\Local\Temp\surefire5586855060621696550\surefirebooter4461125264303352639.jar C:\Users\Артем\AppData\Local\Temp\surefire5586855060621696550 2024-07-04T16-22-53_266-jvmRun1 surefire3240848390894250740tmp surefire_010840519618857691905tmp
java_class_path (initial): C:\Users\328F~1\AppData\Local\Temp\surefire5586855060621696550\surefirebooter4461125264303352639.jar
Launcher Type: SUN_STANDARD

[Global flags]
     intx CICompilerCount                          = 4                                         {product} {ergonomic}
     uint ConcGCThreads                            = 3                                         {product} {ergonomic}
     uint G1ConcRefinementThreads                  = 10                                        {product} {ergonomic}
   size_t G1HeapRegionSize                         = 1048576                                   {product} {ergonomic}
    uintx GCDrainStackTargetSize                   = 64                                        {product} {ergonomic}
   size_t InitialHeapSize                          = 264241152                                 {product} {ergonomic}
   size_t MarkStackSize                            = 4194304                                   {product} {ergonomic}
   size_t MaxHeapSize                              = 4221566976                                {product} {ergonomic}
   size_t MaxNewSize                               = 2532311040                                {product} {ergonomic}
   size_t MinHeapDeltaBytes                        = 1048576                                   {product} {ergonomic}
    uintx NonNMethodCodeHeapSize                   = 5836300                                {pd product} {ergonomic}
    uintx NonProfiledCodeHeapSize                  = 122910970                              {pd product} {ergonomic}
    uintx ProfiledCodeHeapSize                     = 122910970                              {pd product} {ergonomic}
    uintx ReservedCodeCacheSize                    = 251658240                              {pd product} {ergonomic}
     bool SegmentedCodeCache                       = true                                      {product} {ergonomic}
     bool UseCompressedClassPointers               = true                                 {lp64_product} {ergonomic}
     bool UseCompressedOops                        = true                                 {lp64_product} {ergonomic}
     bool UseG1GC                                  = true                                      {product} {ergonomic}
     bool UseLargePagesIndividualAllocation        = false                                  {pd product} {ergonomic}

Logging:
Log output configuration:
 #0: stdout all=warning uptime,level,tags
 #1: stderr all=off uptime,level,tags

Environment Variables:
PATH=C:\Program Files (x86)\Common Files\Oracle\Java\javapath;C:\Windows\system32;C:\Windows;C:\Windows\System32\Wbem;C:\Windows\System32\WindowsPowerShell\v1.0\;C:\Windows\System32\OpenSSH\;C:\Program Files\Git\cmd;C:\Users\Артем\AppData\Local\Microsoft\WindowsApps;C:\Users\Артем\AppData\Local\Programs\Microsoft VS Code\bin
USERNAME=Артем
OS=Windows_NT
PROCESSOR_IDENTIFIER=Intel64 Family 6 Model 154 Stepping 3, GenuineIntel
TMP=C:\Users\328F~1\AppData\Local\Temp
TEMP=C:\Users\328F~1\AppData\Local\Temp



---------------  S Y S T E M  ---------------

OS: Windows 10 , 64 bit Build 19041 (10.0.19041.3636)
OS uptime: 6 days 20:36 hours

CPU:total 12 (initial active 12) (6 cores per cpu, 2 threads per core) family 6 model 154 stepping 3 microcode 0x428, cmov, cx8, fxsr, mmx, sse, sse2, sse3, ssse3, sse4.1, sse4.2, popcnt, avx, avx2, aes, clmul, erms, 3dnowpref, lzcnt, ht, tsc, tscinvbit, bmi1, bmi2, adx, sha, fma

Memory: 4k page, system-wide physical 16103M (6338M free)
TotalPageFile size 21479M (AvailPageFile size 9352M)
current process WorkingSet (physical memory assigned to process): 47M, peak: 47M
current process commit charge ("private bytes"): 342M, peak: 342M

vm_info: OpenJDK 64-Bit Server VM (11.0.23+9-LTS) for windows-amd64 JRE (11.0.23+9-LTS), built on Apr 10 2024 18:40:41 by "Administrator" with MS VC++ 16.10 / 16.11 (VS2019)

END.
